
**** Build of configuration Debug for project ece_528_Black_Jack ****

"C:\\ti\\ccs1260\\ccs\\utils\\bin\\gmake" -k -j 12 all -O 
 
Building file: "../main.c"
Invoking: Arm Compiler
"C:/ti/ccs1260/ccs/tools/compiler/ti-cgt-arm_20.2.7.LTS/bin/armcl" -mv7M4 --code_state=16 --float_support=FPv4SPD16 -me --include_path="C:/ti/ccs1260/ccs/ccs_base/arm/include" --include_path="C:/ti/ccs1260/ccs/ccs_base/arm/include/CMSIS" --include_path="C:/Users/limac/Documents/ECE528_Sandbox/ece-528-Black-Jack/ece_528_Black_Jack" --include_path="C:/ti/ccs1260/ccs/tools/compiler/ti-cgt-arm_20.2.7.LTS/include" --advice:power=all --define=ccs --define=__MSP432P401R__ -g --gcc --diag_warning=225 --diag_wrap=off --display_error_number --abi=eabi --preproc_with_compile --preproc_dependency="main.d_raw"  "../main.c"
"../main.c", line 64: remark #1527-D: (ULP 2.1) Detected SW delay loop using empty loop. Recommend using a timer module instead
"../main.c", line 73: remark #1527-D: (ULP 2.1) Detected SW delay loop using empty loop. Recommend using a timer module instead
Finished building: "../main.c"
 
Building target: "ece_528_Black_Jack.out"
Invoking: Arm Linker
"C:/ti/ccs1260/ccs/tools/compiler/ti-cgt-arm_20.2.7.LTS/bin/armcl" -mv7M4 --code_state=16 --float_support=FPv4SPD16 -me --advice:power=all --define=ccs --define=__MSP432P401R__ -g --gcc --diag_warning=225 --diag_wrap=off --display_error_number --abi=eabi -z -m"ece_528_Black_Jack.map" --heap_size=1024 --stack_size=512 -i"C:/ti/ccs1260/ccs/ccs_base/arm/include" -i"C:/ti/ccs1260/ccs/tools/compiler/ti-cgt-arm_20.2.7.LTS/lib" -i"C:/ti/ccs1260/ccs/tools/compiler/ti-cgt-arm_20.2.7.LTS/include" --reread_libs --diag_wrap=off --display_error_number --warn_sections --xml_link_info="ece_528_Black_Jack_linkInfo.xml" --rom_model -o "ece_528_Black_Jack.out" "./Camera.obj" "./EUSCI_B1_I2C.obj" "./card_vision.obj" "./main.obj" "./startup_msp432p401r_ccs.obj" "./system_msp432p401r.obj" "../msp432p401r.cmd"  -llibc.a 
<Linking>
 
remark #10371-D: (ULP 1.1) Detected no uses of low power mode state changing instructions
 undefined      first referenced  
remark #10372-D: (ULP 4.1) Detected uninitialized Port 1 in this project. Recommend initializing all unused ports to eliminate wasted current consumption on unused pins.
remark #10372-D: (ULP 4.1) Detected uninitialized Port 2 in this project. Recommend initializing all unused ports to eliminate wasted current consumption on unused pins.
remark #10372-D: (ULP 4.1) Detected uninitialized Port 3 in this project. Recommend initializing all unused ports to eliminate wasted current consumption on unused pins.
remark #10372-D: (ULP 4.1) Detected uninitialized Port 4 in this project. Recommend initializing all unused ports to eliminate wasted current consumption on unused pins.
remark #10372-D: (ULP 4.1) Detected uninitialized Port 5 in this project. Recommend initializing all unused ports to eliminate wasted current consumption on unused pins.
remark #10372-D: (ULP 4.1) Detected uninitialized Port 6 in this project. Recommend initializing all unused ports to eliminate wasted current consumption on unused pins.
remark #10372-D: (ULP 4.1) Detected uninitialized Port 7 in this project. Recommend initializing all unused ports to eliminate wasted current consumption on unused pins.
remark #10372-D: (ULP 4.1) Detected uninitialized Port 8 in this project. Recommend initializing all unused ports to eliminate wasted current consumption on unused pins.
remark #10372-D: (ULP 4.1) Detected uninitialized Port 9 in this project. Recommend initializing all unused ports to eliminate wasted current consumption on unused pins.
remark #10372-D: (ULP 4.1) Detected uninitialized Port 10 in this project. Recommend initializing all unused ports to eliminate wasted current consumption on unused pins.
 
>> Compilation failure
makefile:140: recipe for target 'ece_528_Black_Jack.out' failed
  symbol            in file       
 ---------      ----------------  
 Clock_Delay1ms ./EUSCI_B1_I2C.obj
 
error #10234-D: unresolved symbols remain
error #10010: errors encountered during linking; "ece_528_Black_Jack.out" not built
gmake[1]: *** [ece_528_Black_Jack.out] Error 1
makefile:136: recipe for target 'all' failed
gmake: *** [all] Error 2

**** Build Finished ****
